Arguments: 
  C:\Program Files (x86)\nodejs\node.exe C:\Users\11\AppData\Roaming\npm\node_modules\yarn\bin\yarn.js add axios redux react-redux redux-thunk react-router-dom@5.2.1 antd md5

PATH: 
  C:\Program Files (x86)\Java\jdk1.8.0_333\bin;C:\Program Files (x86)\Java\jdk1.8.0_333\bin;C:\WINDOWS\system32;C:\WINDOWS;C:\WINDOWS\System32\Wbem;C:\WINDOWS\System32\WindowsPowerShell\v1.0\;C:\WINDOWS\System32\OpenSSH\;C:\Program Files\Git\cmd;C:\Users\11\AppData\Roaming\npm\node_modules;C:\Program Files (x86)\nodejs\;C:\Users\11\AppData\Local\Microsoft\WindowsApps;C:\Users\11\AppData\Local\Programs\Microsoft VS Code\bin;D:\Fiddler;C:\Users\11\AppData\Roaming\npm

Yarn version: 
  1.22.18

Node version: 
  14.20.0

Platform: 
  win32 ia32

Trace: 
  Error: connect ETIMEDOUT 104.16.20.35:443
      at TCPConnectWrap.afterConnect [as oncomplete] (net.js:1159:16)

npm manifest: 
  {
    "dependencies": {
      "create-react-app": "^5.0.1",
      "project": "^0.1.6"
    }
  }

yarn manifest: 
  No manifest

Lockfile: 
  No lockfile
